    0.0000   0.999323
    1.0000   0.862166
    2.0000   0.807699
    3.0000   0.819789
    4.0000   0.774215
    5.0000   0.734203
    6.0000   0.737476
    7.0000   0.728508
    8.0000   0.731109
    9.0000   0.723468
   10.0000   0.725324
   11.0000   0.727667
   12.0000   0.697159
   13.0000   0.698131
   14.0000   0.734968
   15.0000   0.721654
   16.0000   0.720811
   17.0000   0.693767
   18.0000   0.708833
   19.0000   0.688896
   20.0000   0.686552
   21.0000   0.702620
   22.0000   0.688171
   23.0000   0.681070
   24.0000   0.653642
   25.0000   0.668419
   26.0000   0.663722
   27.0000   0.668794
   28.0000   0.638236
   29.0000   0.661997
   30.0000   0.636737
   31.0000   0.619197
   32.0000   0.653598
   33.0000   0.622561
   34.0000   0.609847
   35.0000   0.637048
   36.0000   0.635386
   37.0000   0.592862
   38.0000   0.592569
   39.0000   0.592315
   40.0000   0.603919
   41.0000   0.597861
   42.0000   0.592419
   43.0000   0.590818
   44.0000   0.583735
   45.0000   0.579383
   46.0000   0.554983
   47.0000   0.571461
   48.0000   0.553167
   49.0000   0.569770
   50.0000   0.548675
   51.0000   0.567366
   52.0000   0.565458
   53.0000   0.550640
   54.0000   0.539909
   55.0000   0.562459
   56.0000   0.575614
   57.0000   0.540072
   58.0000   0.555946
   59.0000   0.550349
   60.0000   0.555534
   61.0000   0.554499
   62.0000   0.544714
   63.0000   0.516268
   64.0000   0.540789
   65.0000   0.548574
   66.0000   0.507392
   67.0000   0.512131
   68.0000   0.512657
   69.0000   0.539536
   70.0000   0.546144
   71.0000   0.545621
   72.0000   0.533545
   73.0000   0.516329
   74.0000   0.511095
   75.0000   0.528450
   76.0000   0.551918
   77.0000   0.508807
   78.0000   0.516266
   79.0000   0.527127
   80.0000   0.525962
   81.0000   0.522355
   82.0000   0.498937
   83.0000   0.523015
   84.0000   0.532088
   85.0000   0.491283
   86.0000   0.507797
   87.0000   0.547682
   88.0000   0.509261
   89.0000   0.545970
   90.0000   0.503263
   91.0000   0.506095
   92.0000   0.497664
   93.0000   0.516808
   94.0000   0.510964
   95.0000   0.510729
   96.0000   0.506962
   97.0000   0.511027
   98.0000   0.499245
   99.0000   0.509582
  100.0000   0.516895
  101.0000   0.490185
  102.0000   0.490358
  103.0000   0.503745
  104.0000   0.508438
  105.0000   0.502679
  106.0000   0.494549
  107.0000   0.494058
  108.0000   0.529103
  109.0000   0.484444
  110.0000   0.486192
  111.0000   0.487063
  112.0000   0.489283
  113.0000   0.501254
  114.0000   0.515538
  115.0000   0.517332
  116.0000   0.497358
  117.0000   0.502511
  118.0000   0.467388
  119.0000   0.506319
  120.0000   0.489805
  121.0000   0.476201
  122.0000   0.490191
  123.0000   0.500716
  124.0000   0.497407
  125.0000   0.484259
  126.0000   0.491317
  127.0000   0.493492
  128.0000   0.479936
  129.0000   0.475040
  130.0000   0.493037
  131.0000   0.490637
  132.0000   0.498145
  133.0000   0.507080
  134.0000   0.467769
  135.0000   0.493901
  136.0000   0.500631
  137.0000   0.438042
  138.0000   0.482582
  139.0000   0.482782
  140.0000   0.494384
  141.0000   0.499944
  142.0000   0.465487
  143.0000   0.488411
  144.0000   0.472956
  145.0000   0.470193
  146.0000   0.470834
  147.0000   0.505382
  148.0000   0.470095
  149.0000   0.481693
  150.0000   0.465972
  151.0000   0.474690
  152.0000   0.481085
  153.0000   0.466888
  154.0000   0.477026
  155.0000   0.479978
  156.0000   0.481811
  157.0000   0.462734
  158.0000   0.465476
  159.0000   0.484238
  160.0000   0.463478
  161.0000   0.475005
  162.0000   0.475580
  163.0000   0.467729
  164.0000   0.468171
  165.0000   0.462838
  166.0000   0.467821
  167.0000   0.442985
  168.0000   0.458903
  169.0000   0.484879
  170.0000   0.493456
  171.0000   0.453248
  172.0000   0.465906
  173.0000   0.460054
  174.0000   0.460529
  175.0000   0.468160
  176.0000   0.494534
  177.0000   0.460303
  178.0000   0.461899
  179.0000   0.481257
  180.0000   0.450018
  181.0000   0.467253
  182.0000   0.451020
  183.0000   0.475441
  184.0000   0.489666
  185.0000   0.446460
  186.0000   0.461070
  187.0000   0.497311
  188.0000   0.447009
  189.0000   0.480485
  190.0000   0.460661
  191.0000   0.466812
  192.0000   0.445948
  193.0000   0.464489
  194.0000   0.468090
  195.0000   0.474448
  196.0000   0.472017
  197.0000   0.457518
  198.0000   0.454522
  199.0000   0.467563
  200.0000   0.461222
  201.0000   0.446446
  202.0000   0.441181
  203.0000   0.465034
  204.0000   0.468517
  205.0000   0.447714
  206.0000   0.459945
  207.0000   0.439448
  208.0000   0.487247
  209.0000   0.447529
  210.0000   0.462025
  211.0000   0.454668
  212.0000   0.449053
  213.0000   0.444464
  214.0000   0.482387
  215.0000   0.475493
  216.0000   0.442087
  217.0000   0.449567
  218.0000   0.429011
  219.0000   0.449432
  220.0000   0.436738
  221.0000   0.442526
  222.0000   0.444438
  223.0000   0.448572
  224.0000   0.453293
  225.0000   0.438654
  226.0000   0.457578
  227.0000   0.454233
  228.0000   0.439619
  229.0000   0.441535
  230.0000   0.456595
  231.0000   0.454386
  232.0000   0.451719
  233.0000   0.462174
  234.0000   0.430726
  235.0000   0.450592
  236.0000   0.456703
  237.0000   0.428682
  238.0000   0.454449
  239.0000   0.450186
  240.0000   0.448774
  241.0000   0.466350
  242.0000   0.439472
  243.0000   0.453359
  244.0000   0.439368
  245.0000   0.444892
  246.0000   0.446288
  247.0000   0.441299
  248.0000   0.429106
  249.0000   0.437703
  250.0000   0.430828
  251.0000   0.458375
  252.0000   0.446233
  253.0000   0.445480
  254.0000   0.433577
  255.0000   0.451872
  256.0000   0.457019
  257.0000   0.421782
  258.0000   0.435754
  259.0000   0.444327
  260.0000   0.431523
  261.0000   0.462814
  262.0000   0.444451
  263.0000   0.435950
  264.0000   0.441534
  265.0000   0.432213
  266.0000   0.444660
  267.0000   0.412090
  268.0000   0.414112
  269.0000   0.449048
  270.0000   0.460010
  271.0000   0.424333
  272.0000   0.432100
  273.0000   0.418457
  274.0000   0.440345
  275.0000   0.437036
  276.0000   0.465632
  277.0000   0.417757
  278.0000   0.430080
  279.0000   0.450317
  280.0000   0.418638
  281.0000   0.442223
  282.0000   0.417148
  283.0000   0.441415
  284.0000   0.452421
  285.0000   0.421886
  286.0000   0.431474
  287.0000   0.444428
  288.0000   0.444898
  289.0000   0.449214
  290.0000   0.421908
  291.0000   0.434524
  292.0000   0.418830
  293.0000   0.437082
  294.0000   0.445077
  295.0000   0.445101
  296.0000   0.435152
  297.0000   0.417137
  298.0000   0.419808
  299.0000   0.441658
  300.0000   0.440325
  301.0000   0.417457
  302.0000   0.409759
  303.0000   0.429789
  304.0000   0.418529
  305.0000   0.420232
  306.0000   0.421406
  307.0000   0.410210
  308.0000   0.462167
  309.0000   0.415921
  310.0000   0.410736
  311.0000   0.428461
  312.0000   0.424769
  313.0000   0.411178
  314.0000   0.454006
  315.0000   0.446777
  316.0000   0.413878
  317.0000   0.439167
  318.0000   0.419210
  319.0000   0.421218
  320.0000   0.409179
  321.0000   0.417592
  322.0000   0.420685
  323.0000   0.431754
  324.0000   0.436437
  325.0000   0.416395
  326.0000   0.431956
  327.0000   0.420499
  328.0000   0.420868
  329.0000   0.418234
  330.0000   0.433282
  331.0000   0.446145
  332.0000   0.412617
  333.0000   0.431570
  334.0000   0.407717
  335.0000   0.421643
  336.0000   0.430657
  337.0000   0.396797
  338.0000   0.422672
  339.0000   0.428028
  340.0000   0.424855
  341.0000   0.438367
  342.0000   0.406039
  343.0000   0.425515
  344.0000   0.419351
  345.0000   0.415592
  346.0000   0.415423
  347.0000   0.433359
  348.0000   0.401683
  349.0000   0.428463
  350.0000   0.420727
  351.0000   0.433977
  352.0000   0.416794
  353.0000   0.427281
  354.0000   0.401399
  355.0000   0.425991
  356.0000   0.436980
  357.0000   0.390536
  358.0000   0.408383
  359.0000   0.418454
  360.0000   0.406126
  361.0000   0.433976
  362.0000   0.421533
  363.0000   0.413717
  364.0000   0.406763
  365.0000   0.415895
  366.0000   0.404794
  367.0000   0.378001
  368.0000   0.390701
  369.0000   0.418029
  370.0000   0.425028
  371.0000   0.411038
  372.0000   0.404266
  373.0000   0.394131
  374.0000   0.425065
  375.0000   0.399666
  376.0000   0.442573
  377.0000   0.404513
  378.0000   0.390060
  379.0000   0.423055
  380.0000   0.389606
  381.0000   0.416182
  382.0000   0.406921
  383.0000   0.410964
  384.0000   0.434025
  385.0000   0.402040
  386.0000   0.402753
  387.0000   0.423821
  388.0000   0.391230
  389.0000   0.410685
  390.0000   0.417210
  391.0000   0.404357
  392.0000   0.379116
  393.0000   0.400027
  394.0000   0.425633
  395.0000   0.421713
  396.0000   0.396733
  397.0000   0.406013
  398.0000   0.414487
  399.0000   0.437143
  400.0000   0.400774
  401.0000   0.392601
  402.0000   0.385680
  403.0000   0.411476
  404.0000   0.393009
  405.0000   0.379915
  406.0000   0.407666
  407.0000   0.384897
  408.0000   0.416971
  409.0000   0.385355
  410.0000   0.393857
  411.0000   0.403355
  412.0000   0.373383
  413.0000   0.393888
  414.0000   0.445221
  415.0000   0.426242
  416.0000   0.386956
  417.0000   0.404413
  418.0000   0.388417
  419.0000   0.382677
  420.0000   0.380007
  421.0000   0.384325
  422.0000   0.390455
  423.0000   0.394315
  424.0000   0.404368
  425.0000   0.377385
  426.0000   0.416374
  427.0000   0.400474
  428.0000   0.407743
  429.0000   0.391680
  430.0000   0.394545
  431.0000   0.415874
  432.0000   0.393436
  433.0000   0.420534
  434.0000   0.365024
  435.0000   0.402334
  436.0000   0.384537
  437.0000   0.377769
  438.0000   0.404882
  439.0000   0.401093
  440.0000   0.398580
  441.0000   0.418842
  442.0000   0.378123
  443.0000   0.401628
  444.0000   0.364200
  445.0000   0.381092
  446.0000   0.397575
  447.0000   0.408425
  448.0000   0.372327
  449.0000   0.389969
  450.0000   0.385284
  451.0000   0.395786
  452.0000   0.391833
  453.0000   0.400954
  454.0000   0.369194
  455.0000   0.395758
  456.0000   0.385904
  457.0000   0.357522
  458.0000   0.389119
  459.0000   0.383366
  460.0000   0.389111
  461.0000   0.400551
  462.0000   0.405306
  463.0000   0.382377
  464.0000   0.375394
  465.0000   0.387457
  466.0000   0.388787
  467.0000   0.361539
  468.0000   0.346773
  469.0000   0.387710
  470.0000   0.395464
  471.0000   0.369288
  472.0000   0.380090
  473.0000   0.353645
  474.0000   0.391043
  475.0000   0.395542
  476.0000   0.406971
  477.0000   0.365897
  478.0000   0.373281
  479.0000   0.413065
  480.0000   0.367092
  481.0000   0.394015
  482.0000   0.365015
  483.0000   0.370835
  484.0000   0.396761
  485.0000   0.372989
  486.0000   0.357131
  487.0000   0.396560
  488.0000   0.382021
  489.0000   0.386660
  490.0000   0.366770
  491.0000   0.387515
  492.0000   0.366552
  493.0000   0.365021
  494.0000   0.378187
  495.0000   0.403676
  496.0000   0.363475
  497.0000   0.377432
  498.0000   0.360822
  499.0000   0.404697
  500.0000   0.381982
  501.0000   0.363232
  502.0000   0.367785
  503.0000   0.395104
  504.0000   0.375958
  505.0000   0.356285
  506.0000   0.367053
  507.0000   0.350486
  508.0000   0.392797
  509.0000   0.353069
  510.0000   0.371796
  511.0000   0.358629
  512.0000   0.357507
  513.0000   0.371415
  514.0000   0.401916
  515.0000   0.403602
  516.0000   0.357261
  517.0000   0.373651
  518.0000   0.372998
  519.0000   0.356011
  520.0000   0.354849
  521.0000   0.369966
  522.0000   0.367189
  523.0000   0.365913
  524.0000   0.373585
  525.0000   0.349845
  526.0000   0.375327
  527.0000   0.377131
  528.0000   0.365790
  529.0000   0.380842
  530.0000   0.381611
  531.0000   0.381664
  532.0000   0.361798
  533.0000   0.386257
  534.0000   0.340169
  535.0000   0.368588
  536.0000   0.361806
  537.0000   0.352772
  538.0000   0.360075
  539.0000   0.371221
  540.0000   0.364687
  541.0000   0.391932
  542.0000   0.355792
  543.0000   0.384050
  544.0000   0.345182
  545.0000   0.372418
  546.0000   0.378934
  547.0000   0.358649
  548.0000   0.365444
  549.0000   0.342282
  550.0000   0.362409
  551.0000   0.361057
  552.0000   0.350660
  553.0000   0.369168
  554.0000   0.326545
  555.0000   0.372684
  556.0000   0.365681
  557.0000   0.345516
  558.0000   0.368340
  559.0000   0.354629
  560.0000   0.369719
  561.0000   0.382750
  562.0000   0.387587
  563.0000   0.362953
  564.0000   0.348092
  565.0000   0.362389
  566.0000   0.351783
  567.0000   0.328250
  568.0000   0.318606
  569.0000   0.368807
  570.0000   0.372217
  571.0000   0.346059
  572.0000   0.364800
  573.0000   0.320520
  574.0000   0.360920
  575.0000   0.364062
  576.0000   0.391979
  577.0000   0.352098
  578.0000   0.342294
  579.0000   0.366664
  580.0000   0.336054
  581.0000   0.352333
  582.0000   0.349673
  583.0000   0.343135
  584.0000   0.372425
  585.0000   0.365474
  586.0000   0.333525
  587.0000   0.375343
  588.0000   0.342326
  589.0000   0.350785
  590.0000   0.345737
  591.0000   0.343548
  592.0000   0.333955
  593.0000   0.336770
  594.0000   0.350709
  595.0000   0.371220
  596.0000   0.337199
  597.0000   0.356193
  598.0000   0.338796
  599.0000   0.368183
  600.0000   0.338199
  601.0000   0.335124
  602.0000   0.339322
  603.0000   0.369998
  604.0000   0.347444
  605.0000   0.329962
  606.0000   0.330924
  607.0000   0.302644
  608.0000   0.349468
  609.0000   0.328987
  610.0000   0.324888
  611.0000   0.348341
  612.0000   0.323997
  613.0000   0.335671
  614.0000   0.388267
  615.0000   0.374729
  616.0000   0.329314
  617.0000   0.350441
  618.0000   0.348362
  619.0000   0.323334
  620.0000   0.322112
  621.0000   0.333466
  622.0000   0.334065
  623.0000   0.343968
  624.0000   0.339362
  625.0000   0.330686
  626.0000   0.327298
  627.0000   0.342469
  628.0000   0.331540
  629.0000   0.345751
  630.0000   0.359913
  631.0000   0.357736
  632.0000   0.333100
  633.0000   0.349087
  634.0000   0.328873
  635.0000   0.349508
  636.0000   0.325331
  637.0000   0.321817
  638.0000   0.340127
  639.0000   0.350912
  640.0000   0.359665
  641.0000   0.361291
  642.0000   0.335368
  643.0000   0.346194
  644.0000   0.319084
  645.0000   0.335357
  646.0000   0.349155
  647.0000   0.347604
  648.0000   0.310881
  649.0000   0.310948
  650.0000   0.328120
  651.0000   0.324505
  652.0000   0.317444
  653.0000   0.350394
  654.0000   0.302026
  655.0000   0.343416
  656.0000   0.335646
  657.0000   0.315161
  658.0000   0.318190
  659.0000   0.310193
  660.0000   0.334948
  661.0000   0.351843
  662.0000   0.358487
  663.0000   0.320096
  664.0000   0.322973
  665.0000   0.324872
  666.0000   0.321970
  667.0000   0.286173
  668.0000   0.281969
  669.0000   0.325274
  670.0000   0.342641
  671.0000   0.326702
  672.0000   0.319947
  673.0000   0.292801
  674.0000   0.334034
  675.0000   0.336394
  676.0000   0.348906
  677.0000   0.324435
  678.0000   0.308055
  679.0000   0.337444
  680.0000   0.315038
  681.0000   0.326665
  682.0000   0.316054
  683.0000   0.313698
  684.0000   0.336887
  685.0000   0.328320
  686.0000   0.293930
  687.0000   0.341649
  688.0000   0.317262
  689.0000   0.303878
  690.0000   0.314759
  691.0000   0.304812
  692.0000   0.301030
  693.0000   0.310432
  694.0000   0.340098
  695.0000   0.345261
  696.0000   0.323724
  697.0000   0.318863
  698.0000   0.307822
  699.0000   0.347035
  700.0000   0.301031
  701.0000   0.313063
  702.0000   0.302553
  703.0000   0.343427
  704.0000   0.324232
  705.0000   0.309025
  706.0000   0.309587
  707.0000   0.270518
  708.0000   0.319737
  709.0000   0.299173
  710.0000   0.304123
  711.0000   0.304550
  712.0000   0.278687
  713.0000   0.317769
  714.0000   0.346726
  715.0000   0.331341
  716.0000   0.296237
  717.0000   0.309776
  718.0000   0.295120
  719.0000   0.290441
  720.0000   0.286423
  721.0000   0.291324
  722.0000   0.294802
  723.0000   0.314447
  724.0000   0.300481
  725.0000   0.276964
  726.0000   0.301979
  727.0000   0.304128
  728.0000   0.311560
  729.0000   0.330996
  730.0000   0.337892
  731.0000   0.317975
  732.0000   0.300531
  733.0000   0.324891
  734.0000   0.289626
  735.0000   0.307761
  736.0000   0.297020
  737.0000   0.290521
  738.0000   0.310703
  739.0000   0.331704
  740.0000   0.315147
  741.0000   0.328942
  742.0000   0.299237
  743.0000   0.302412
  744.0000   0.286778
  745.0000   0.276935
  746.0000   0.291605
  747.0000   0.333500
  748.0000   0.290950
  749.0000   0.276141
  750.0000   0.277232
  751.0000   0.288621
  752.0000   0.286683
  753.0000   0.311390
  754.0000   0.259136
  755.0000   0.301769
  756.0000   0.321204
  757.0000   0.275318
  758.0000   0.304408
  759.0000   0.284136
  760.0000   0.311190
  761.0000   0.317699
  762.0000   0.305712
  763.0000   0.288116
  764.0000   0.279709
  765.0000   0.286063
  766.0000   0.280982
  767.0000   0.262430
  768.0000   0.249827
  769.0000   0.285163
  770.0000   0.305446
  771.0000   0.291424
  772.0000   0.287034
  773.0000   0.252034
  774.0000   0.294240
  775.0000   0.303389
  776.0000   0.305242
  777.0000   0.293407
  778.0000   0.269208
  779.0000   0.322483
  780.0000   0.262993
  781.0000   0.301797
  782.0000   0.262697
  783.0000   0.285156
  784.0000   0.306376
  785.0000   0.297529
  786.0000   0.263146
  787.0000   0.297555
  788.0000   0.272203
  789.0000   0.279736
  790.0000   0.292037
  791.0000   0.289772
  792.0000   0.288508
  793.0000   0.282695
  794.0000   0.292068
  795.0000   0.304781
  796.0000   0.284547
  797.0000   0.280891
  798.0000   0.281338
  799.0000   0.301866
  800.0000   0.275789
  801.0000   0.286050
  802.0000   0.275809
  803.0000   0.311358
  804.0000   0.295748
  805.0000   0.268449
  806.0000   0.274700
  807.0000   0.241391
  808.0000   0.277506
  809.0000   0.287721
  810.0000   0.256300
  811.0000   0.285800
  812.0000   0.256552
  813.0000   0.269539
  814.0000   0.309744
  815.0000   0.302243
  816.0000   0.252675
  817.0000   0.290094
  818.0000   0.260977
  819.0000   0.241228
  820.0000   0.255253
  821.0000   0.261328
  822.0000   0.274235
  823.0000   0.290193
  824.0000   0.284018
  825.0000   0.264215
  826.0000   0.255928
  827.0000   0.276517
  828.0000   0.280437
  829.0000   0.298546
  830.0000   0.297574
  831.0000   0.294889
  832.0000   0.254850
  833.0000   0.287777
  834.0000   0.261042
  835.0000   0.278939
  836.0000   0.262702
  837.0000   0.254938
  838.0000   0.268652
  839.0000   0.280730
  840.0000   0.275729
  841.0000   0.301861
  842.0000   0.286834
  843.0000   0.288586
  844.0000   0.250218
  845.0000   0.267158
  846.0000   0.275651
  847.0000   0.276315
  848.0000   0.265554
  849.0000   0.240808
  850.0000   0.243073
  851.0000   0.242084
  852.0000   0.266069
  853.0000   0.282975
  854.0000   0.241597
  855.0000   0.266207
  856.0000   0.264903
  857.0000   0.234034
  858.0000   0.281305
  859.0000   0.254563
  860.0000   0.263509
  861.0000   0.290328
  862.0000   0.262906
  863.0000   0.259308
  864.0000   0.236640
  865.0000   0.251836
  866.0000   0.267819
  867.0000   0.213001
  868.0000   0.237033
  869.0000   0.239418
  870.0000   0.272553
  871.0000   0.260407
  872.0000   0.258845
  873.0000   0.235475
  874.0000   0.245947
  875.0000   0.247132
  876.0000   0.292225
  877.0000   0.253356
  878.0000   0.241093
  879.0000   0.276638
  880.0000   0.248647
  881.0000   0.273712
  882.0000   0.233752
  883.0000   0.241898
  884.0000   0.260576
  885.0000   0.270028
  886.0000   0.222449
  887.0000   0.241693
  888.0000   0.241217
  889.0000   0.232093
  890.0000   0.255422
  891.0000   0.259184
  892.0000   0.253804
  893.0000   0.251524
  894.0000   0.260042
  895.0000   0.253480
  896.0000   0.250416
  897.0000   0.267406
  898.0000   0.242733
  899.0000   0.261920
  900.0000   0.250529
  901.0000   0.247966
  902.0000   0.256717
  903.0000   0.271918
  904.0000   0.242461
  905.0000   0.227380
  906.0000   0.241229
  907.0000   0.225056
  908.0000   0.222812
  909.0000   0.241374
  910.0000   0.240132
  911.0000   0.236222
  912.0000   0.218747
  913.0000   0.227024
  914.0000   0.289233
  915.0000   0.249770
  916.0000   0.243455
  917.0000   0.248508
  918.0000   0.240779
  919.0000   0.204925
  920.0000   0.215040
  921.0000   0.233909
  922.0000   0.237195
  923.0000   0.247415
  924.0000   0.243603
  925.0000   0.222949
  926.0000   0.235667
  927.0000   0.233577
  928.0000   0.223283
  929.0000   0.279558
  930.0000   0.281223
  931.0000   0.235102
  932.0000   0.210314
  933.0000   0.269605
  934.0000   0.209982
  935.0000   0.237421
  936.0000   0.233388
  937.0000   0.230526
  938.0000   0.228878
  939.0000   0.246969
  940.0000   0.255157
  941.0000   0.260785
  942.0000   0.251734
  943.0000   0.258999
  944.0000   0.214371
  945.0000   0.205669
  946.0000   0.244149
  947.0000   0.251295
  948.0000   0.232791
  949.0000   0.223192
  950.0000   0.220305
  951.0000   0.222025
  952.0000   0.227171
  953.0000   0.243399
  954.0000   0.222239
  955.0000   0.220592
  956.0000   0.230020
  957.0000   0.208788
  958.0000   0.254280
  959.0000   0.242385
  960.0000   0.239743
  961.0000   0.243633
  962.0000   0.243193
  963.0000   0.210343
  964.0000   0.211434
  965.0000   0.231368
  966.0000   0.223068
  967.0000   0.192070
  968.0000   0.181974
  969.0000   0.220448
  970.0000   0.243477
  971.0000   0.213697
  972.0000   0.234224
  973.0000   0.191202
  974.0000   0.233341
  975.0000   0.216445
  976.0000   0.247236
  977.0000   0.226455
  978.0000   0.219330
  979.0000   0.243273
  980.0000   0.226032
  981.0000   0.224877
  982.0000   0.201136
  983.0000   0.209353
  984.0000   0.237399
  985.0000   0.237932
  986.0000   0.216411
  987.0000   0.223621
  988.0000   0.230780
  989.0000   0.197324
  990.0000   0.186861
  991.0000   0.201037
  992.0000   0.227586
  993.0000   0.216018
  994.0000   0.245423
  995.0000   0.231166
  996.0000   0.216518
  997.0000   0.219695
  998.0000   0.222283
  999.0000   0.225994
