    0.0000   0.713865
    1.0000   0.700214
    2.0000   0.689519
    3.0000   0.735313
    4.0000   0.695795
    5.0000   0.704588
    6.0000   0.705349
    7.0000   0.695112
    8.0000   0.701139
    9.0000   0.688456
   10.0000   0.692944
   11.0000   0.717192
   12.0000   0.686414
   13.0000   0.698384
   14.0000   0.697076
   15.0000   0.693079
   16.0000   0.695277
   17.0000   0.693318
   18.0000   0.691905
   19.0000   0.697642
   20.0000   0.691807
   21.0000   0.725525
   22.0000   0.711952
   23.0000   0.703155
   24.0000   0.691921
   25.0000   0.697786
   26.0000   0.713167
   27.0000   0.767799
   28.0000   0.708511
   29.0000   0.691479
   30.0000   0.692733
   31.0000   0.689863
   32.0000   0.689675
   33.0000   0.686494
   34.0000   0.688953
   35.0000   0.693866
   36.0000   0.692539
   37.0000   0.695348
   38.0000   0.709723
   39.0000   0.699524
   40.0000   0.688360
   41.0000   0.689896
   42.0000   0.714722
   43.0000   0.722466
   44.0000   0.694983
   45.0000   0.695520
   46.0000   0.702117
   47.0000   0.685535
   48.0000   0.696315
   49.0000   0.706967
   50.0000   0.702053
   51.0000   0.697836
   52.0000   0.690337
   53.0000   0.700604
   54.0000   0.719216
   55.0000   0.707403
   56.0000   0.689026
   57.0000   0.695077
   58.0000   0.700536
   59.0000   0.714959
   60.0000   0.697859
   61.0000   0.682733
   62.0000   0.711859
   63.0000   0.699405
   64.0000   0.726440
   65.0000   0.698153
   66.0000   0.689156
   67.0000   0.695738
   68.0000   0.694864
   69.0000   0.689240
   70.0000   0.698001
   71.0000   0.714889
   72.0000   0.695550
   73.0000   0.701705
   74.0000   0.696707
   75.0000   0.707265
   76.0000   0.695769
   77.0000   0.687589
   78.0000   0.688837
   79.0000   0.695395
   80.0000   0.701279
   81.0000   0.700762
   82.0000   0.726975
   83.0000   0.710583
   84.0000   0.697797
   85.0000   0.691084
   86.0000   0.702850
   87.0000   0.693067
   88.0000   0.694101
   89.0000   0.737871
   90.0000   0.690753
   91.0000   0.690866
   92.0000   0.701654
   93.0000   0.717952
   94.0000   0.704614
   95.0000   0.695569
   96.0000   0.687798
   97.0000   0.699834
   98.0000   0.696249
   99.0000   0.697678
  100.0000   0.682362
  101.0000   0.688541
  102.0000   0.691498
  103.0000   0.687385
  104.0000   0.739861
  105.0000   0.682811
  106.0000   0.700983
  107.0000   0.704896
  108.0000   0.698172
  109.0000   0.685540
  110.0000   0.694432
