    0.0000   1.087649
    1.0000   0.879247
    2.0000   0.780557
    3.0000   0.790857
    4.0000   0.747644
    5.0000   0.740638
    6.0000   0.742076
    7.0000   0.710667
    8.0000   0.716865
    9.0000   0.703893
   10.0000   0.707059
   11.0000   0.667363
   12.0000   0.684452
   13.0000   0.688372
   14.0000   0.733922
   15.0000   0.703647
   16.0000   0.692835
   17.0000   0.668119
   18.0000   0.661851
   19.0000   0.670543
   20.0000   0.662952
   21.0000   0.686458
   22.0000   0.672641
   23.0000   0.674692
   24.0000   0.638938
   25.0000   0.663453
   26.0000   0.667608
   27.0000   0.656741
   28.0000   0.674188
   29.0000   0.658059
   30.0000   0.652618
   31.0000   0.641971
   32.0000   0.647776
   33.0000   0.660290
   34.0000   0.683843
   35.0000   0.649046
   36.0000   0.699201
   37.0000   0.705040
   38.0000   0.695470
   39.0000   0.690638
   40.0000   0.698946
   41.0000   0.715252
   42.0000   0.709478
   43.0000   0.686105
   44.0000   0.692094
   45.0000   0.695568
   46.0000   0.697321
   47.0000   0.701899
   48.0000   0.692046
   49.0000   0.707165
   50.0000   0.691447
   51.0000   0.684037
   52.0000   0.700390
   53.0000   0.679458
   54.0000   0.681916
   55.0000   0.685862
   56.0000   0.685867
   57.0000   0.697962
   58.0000   0.674733
   59.0000   0.682757
   60.0000   0.677564
   61.0000   0.700789
   62.0000   0.680492
   63.0000   0.700502
   64.0000   0.696637
   65.0000   0.679470
   66.0000   0.682396
   67.0000   0.685705
   68.0000   0.698042
   69.0000   0.672752
   70.0000   0.689132
   71.0000   0.666263
   72.0000   0.668575
   73.0000   0.678738
   74.0000   0.678801
   75.0000   0.684833
   76.0000   0.670522
   77.0000   0.686356
   78.0000   0.695292
   79.0000   0.682415
   80.0000   0.678031
   81.0000   0.682153
   82.0000   0.666810
   83.0000   0.677445
   84.0000   0.678717
   85.0000   0.682995
   86.0000   0.675608
   87.0000   0.677686
   88.0000   0.682875
   89.0000   0.700265
   90.0000   0.678370
   91.0000   0.661007
   92.0000   0.666003
   93.0000   0.684491
   94.0000   0.671971
   95.0000   0.664588
   96.0000   0.686815
   97.0000   0.674698
   98.0000   0.668631
   99.0000   0.664808
  100.0000   0.685621
  101.0000   0.661933
  102.0000   0.683700
  103.0000   0.663780
  104.0000   0.661532
  105.0000   0.668716
  106.0000   0.664501
  107.0000   0.658689
  108.0000   0.675447
  109.0000   0.666732
  110.0000   0.687209
  111.0000   0.659906
  112.0000   0.680614
  113.0000   0.679981
  114.0000   0.678035
  115.0000   0.674100
  116.0000   0.680631
  117.0000   0.650184
  118.0000   0.661704
  119.0000   0.670400
  120.0000   0.673274
  121.0000   0.669554
  122.0000   0.652420
  123.0000   0.666988
  124.0000   0.647180
  125.0000   0.678067
  126.0000   0.663732
  127.0000   0.671951
  128.0000   0.680578
  129.0000   0.673410
  130.0000   0.663953
  131.0000   0.664508
  132.0000   0.667601
  133.0000   0.659145
  134.0000   0.669215
  135.0000   0.662714
  136.0000   0.667589
  137.0000   0.664215
  138.0000   0.668919
  139.0000   0.667307
  140.0000   0.672770
  141.0000   0.649778
  142.0000   0.674716
  143.0000   0.664580
  144.0000   0.677349
  145.0000   0.673297
  146.0000   0.658165
  147.0000   0.656447
  148.0000   0.665423
  149.0000   0.670376
  150.0000   0.672710
  151.0000   0.663830
  152.0000   0.653087
  153.0000   0.676401
  154.0000   0.667633
  155.0000   0.657231
  156.0000   0.666030
  157.0000   0.664118
  158.0000   0.654813
  159.0000   0.661309
  160.0000   0.662309
  161.0000   0.659773
  162.0000   0.673258
  163.0000   0.672942
  164.0000   0.669870
  165.0000   0.663331
  166.0000   0.666907
  167.0000   0.665956
  168.0000   0.658753
  169.0000   0.661026
  170.0000   0.669192
  171.0000   0.646887
  172.0000   0.658447
  173.0000   0.654469
  174.0000   0.669785
  175.0000   0.677127
  176.0000   0.661511
  177.0000   0.675894
  178.0000   0.658136
  179.0000   0.659146
  180.0000   0.657051
  181.0000   0.660485
  182.0000   0.641751
  183.0000   0.653431
  184.0000   0.654165
  185.0000   0.679045
  186.0000   0.641634
  187.0000   0.666884
  188.0000   0.663944
  189.0000   0.667745
  190.0000   0.668329
  191.0000   0.649356
  192.0000   0.659395
  193.0000   0.666632
  194.0000   0.651610
  195.0000   0.650333
  196.0000   0.674112
  197.0000   0.656307
  198.0000   0.646240
  199.0000   0.652207
  200.0000   0.660863
  201.0000   0.654939
  202.0000   0.670072
  203.0000   0.652431
  204.0000   0.652139
  205.0000   0.648830
  206.0000   0.659274
  207.0000   0.648628
  208.0000   0.673310
  209.0000   0.646960
  210.0000   0.676472
  211.0000   0.652488
  212.0000   0.662042
  213.0000   0.657232
  214.0000   0.664484
  215.0000   0.675050
  216.0000   0.663948
  217.0000   0.652039
  218.0000   0.652533
  219.0000   0.669155
  220.0000   0.662792
  221.0000   0.666408
  222.0000   0.656157
  223.0000   0.663110
  224.0000   0.645302
  225.0000   0.665331
  226.0000   0.650888
  227.0000   0.662094
  228.0000   0.657643
  229.0000   0.665688
  230.0000   0.644753
  231.0000   0.660496
  232.0000   0.656978
  233.0000   0.659481
  234.0000   0.658111
  235.0000   0.656436
  236.0000   0.664796
  237.0000   0.655433
  238.0000   0.656692
  239.0000   0.655944
  240.0000   0.660303
  241.0000   0.655430
  242.0000   0.658153
  243.0000   0.654374
  244.0000   0.660204
  245.0000   0.662131
  246.0000   0.661595
  247.0000   0.647785
  248.0000   0.654155
  249.0000   0.658469
  250.0000   0.663386
  251.0000   0.651846
  252.0000   0.650548
  253.0000   0.662887
  254.0000   0.651794
  255.0000   0.645899
  256.0000   0.657359
  257.0000   0.659200
  258.0000   0.646033
  259.0000   0.653569
  260.0000   0.652412
  261.0000   0.669281
  262.0000   0.651350
  263.0000   0.660950
  264.0000   0.658785
  265.0000   0.662507
  266.0000   0.659109
  267.0000   0.663031
  268.0000   0.652233
  269.0000   0.638545
  270.0000   0.651922
  271.0000   0.641490
  272.0000   0.642578
  273.0000   0.643572
  274.0000   0.660295
  275.0000   0.668302
  276.0000   0.650101
  277.0000   0.666895
  278.0000   0.648518
  279.0000   0.655884
  280.0000   0.638563
  281.0000   0.659928
  282.0000   0.635965
  283.0000   0.641472
  284.0000   0.642927
  285.0000   0.661249
  286.0000   0.632680
  287.0000   0.659178
  288.0000   0.658191
  289.0000   0.657673
  290.0000   0.656660
  291.0000   0.637829
  292.0000   0.647539
  293.0000   0.656512
  294.0000   0.649626
  295.0000   0.648078
  296.0000   0.658576
  297.0000   0.655915
  298.0000   0.639216
  299.0000   0.637451
  300.0000   0.649484
  301.0000   0.645348
  302.0000   0.656486
  303.0000   0.646065
  304.0000   0.658649
  305.0000   0.645151
  306.0000   0.656066
  307.0000   0.631840
  308.0000   0.660808
  309.0000   0.649203
  310.0000   0.668313
  311.0000   0.649210
  312.0000   0.652542
  313.0000   0.649675
  314.0000   0.653282
  315.0000   0.671182
  316.0000   0.658881
  317.0000   0.635132
  318.0000   0.642062
  319.0000   0.656545
  320.0000   0.651576
  321.0000   0.654276
  322.0000   0.651053
  323.0000   0.648898
  324.0000   0.629106
  325.0000   0.659620
  326.0000   0.638633
  327.0000   0.661900
  328.0000   0.652332
  329.0000   0.657364
  330.0000   0.637785
  331.0000   0.636603
  332.0000   0.652167
  333.0000   0.651763
  334.0000   0.647089
  335.0000   0.649678
  336.0000   0.656786
  337.0000   0.656756
  338.0000   0.651856
  339.0000   0.648288
  340.0000   0.654643
  341.0000   0.646273
  342.0000   0.649623
  343.0000   0.659314
  344.0000   0.652591
  345.0000   0.650980
  346.0000   0.649701
  347.0000   0.645259
  348.0000   0.649176
  349.0000   0.644725
  350.0000   0.655237
  351.0000   0.651704
  352.0000   0.636072
  353.0000   0.652839
  354.0000   0.641491
  355.0000   0.636031
  356.0000   0.645709
  357.0000   0.651920
  358.0000   0.632486
  359.0000   0.638198
  360.0000   0.641951
  361.0000   0.644240
  362.0000   0.648139
  363.0000   0.647641
  364.0000   0.645977
  365.0000   0.650094
  366.0000   0.653731
  367.0000   0.651563
  368.0000   0.632922
  369.0000   0.637760
  370.0000   0.643822
  371.0000   0.624468
  372.0000   0.635033
  373.0000   0.630198
  374.0000   0.650541
  375.0000   0.654983
  376.0000   0.635212
  377.0000   0.654201
  378.0000   0.639593
  379.0000   0.644995
  380.0000   0.628172
  381.0000   0.657136
  382.0000   0.628286
  383.0000   0.637692
  384.0000   0.637491
  385.0000   0.647092
  386.0000   0.636917
  387.0000   0.654195
  388.0000   0.651347
  389.0000   0.646870
  390.0000   0.648840
  391.0000   0.636689
  392.0000   0.640923
  393.0000   0.657131
  394.0000   0.636756
  395.0000   0.641759
  396.0000   0.656304
  397.0000   0.645750
  398.0000   0.635206
  399.0000   0.632077
  400.0000   0.643696
  401.0000   0.636140
  402.0000   0.647680
  403.0000   0.642432
  404.0000   0.649509
  405.0000   0.633912
  406.0000   0.644810
  407.0000   0.618510
  408.0000   0.658084
  409.0000   0.646365
  410.0000   0.655113
  411.0000   0.636495
  412.0000   0.643037
  413.0000   0.641236
  414.0000   0.645193
  415.0000   0.658856
  416.0000   0.648325
  417.0000   0.636289
  418.0000   0.633497
  419.0000   0.652396
  420.0000   0.644109
  421.0000   0.645060
  422.0000   0.637490
  423.0000   0.644352
  424.0000   0.634502
  425.0000   0.650513
  426.0000   0.637552
  427.0000   0.645478
  428.0000   0.648162
  429.0000   0.659711
  430.0000   0.627640
  431.0000   0.626711
  432.0000   0.642012
  433.0000   0.643728
  434.0000   0.637577
  435.0000   0.643217
  436.0000   0.639589
  437.0000   0.649353
  438.0000   0.644266
  439.0000   0.638548
  440.0000   0.643689
  441.0000   0.636347
  442.0000   0.643432
  443.0000   0.648819
  444.0000   0.646331
  445.0000   0.643688
  446.0000   0.642657
  447.0000   0.631281
  448.0000   0.640010
  449.0000   0.635900
  450.0000   0.642458
  451.0000   0.637035
  452.0000   0.632295
  453.0000   0.631790
  454.0000   0.634188
  455.0000   0.621009
  456.0000   0.639730
  457.0000   0.641213
  458.0000   0.623437
  459.0000   0.630961
  460.0000   0.640430
  461.0000   0.637214
  462.0000   0.636277
  463.0000   0.640767
  464.0000   0.638901
  465.0000   0.638819
  466.0000   0.646790
  467.0000   0.646651
  468.0000   0.633729
  469.0000   0.626872
  470.0000   0.629116
  471.0000   0.622596
  472.0000   0.632486
  473.0000   0.623495
  474.0000   0.642381
  475.0000   0.647226
  476.0000   0.635906
  477.0000   0.643184
  478.0000   0.634572
  479.0000   0.636575
  480.0000   0.624233
  481.0000   0.644103
  482.0000   0.618245
  483.0000   0.629230
  484.0000   0.629091
  485.0000   0.641281
  486.0000   0.632186
  487.0000   0.639530
  488.0000   0.642640
  489.0000   0.634042
  490.0000   0.645659
  491.0000   0.632476
  492.0000   0.636889
  493.0000   0.647537
  494.0000   0.630729
  495.0000   0.639371
  496.0000   0.649250
  497.0000   0.641745
  498.0000   0.625026
  499.0000   0.613844
  500.0000   0.632810
  501.0000   0.616360
  502.0000   0.637690
  503.0000   0.623663
  504.0000   0.645879
  505.0000   0.629651
  506.0000   0.639820
  507.0000   0.616485
  508.0000   0.657275
  509.0000   0.629995
  510.0000   0.648613
  511.0000   0.627458
  512.0000   0.639139
  513.0000   0.632840
  514.0000   0.630982
  515.0000   0.647024
  516.0000   0.649848
  517.0000   0.624456
  518.0000   0.625935
  519.0000   0.641877
  520.0000   0.633056
  521.0000   0.633554
  522.0000   0.628337
  523.0000   0.633645
  524.0000   0.620530
  525.0000   0.646466
  526.0000   0.621323
  527.0000   0.644782
  528.0000   0.630621
  529.0000   0.639088
  530.0000   0.617225
  531.0000   0.618445
  532.0000   0.641288
  533.0000   0.634241
  534.0000   0.629121
  535.0000   0.635264
  536.0000   0.638052
  537.0000   0.637010
  538.0000   0.626047
  539.0000   0.623578
  540.0000   0.637720
  541.0000   0.622856
  542.0000   0.621582
  543.0000   0.640532
  544.0000   0.636053
  545.0000   0.635075
  546.0000   0.630441
  547.0000   0.629246
  548.0000   0.628237
  549.0000   0.622683
  550.0000   0.636694
  551.0000   0.632644
  552.0000   0.618520
  553.0000   0.625049
  554.0000   0.626338
  555.0000   0.611658
  556.0000   0.614423
  557.0000   0.639632
  558.0000   0.606453
  559.0000   0.621527
  560.0000   0.626596
  561.0000   0.625560
  562.0000   0.632949
  563.0000   0.618284
  564.0000   0.635390
  565.0000   0.632713
  566.0000   0.630252
  567.0000   0.638562
  568.0000   0.630342
  569.0000   0.625107
  570.0000   0.618005
  571.0000   0.615115
  572.0000   0.627215
  573.0000   0.613826
  574.0000   0.621326
  575.0000   0.640387
  576.0000   0.622391
  577.0000   0.638226
  578.0000   0.610126
  579.0000   0.639412
  580.0000   0.610660
  581.0000   0.634272
  582.0000   0.604681
  583.0000   0.624867
  584.0000   0.621694
  585.0000   0.627119
  586.0000   0.623469
  587.0000   0.642123
  588.0000   0.631513
  589.0000   0.624787
  590.0000   0.634789
  591.0000   0.616530
  592.0000   0.627495
  593.0000   0.640318
  594.0000   0.621501
  595.0000   0.632013
  596.0000   0.640115
  597.0000   0.621244
  598.0000   0.606812
  599.0000   0.605943
  600.0000   0.626893
  601.0000   0.617755
  602.0000   0.632024
  603.0000   0.612984
  604.0000   0.640503
  605.0000   0.611424
  606.0000   0.632468
  607.0000   0.607817
  608.0000   0.632499
  609.0000   0.625039
  610.0000   0.645233
  611.0000   0.616818
  612.0000   0.633440
  613.0000   0.612474
  614.0000   0.626939
  615.0000   0.631403
  616.0000   0.637354
  617.0000   0.613095
  618.0000   0.612013
  619.0000   0.630613
  620.0000   0.629171
  621.0000   0.622738
  622.0000   0.615248
  623.0000   0.624051
  624.0000   0.604703
  625.0000   0.635562
  626.0000   0.609857
  627.0000   0.631760
  628.0000   0.619007
  629.0000   0.626622
  630.0000   0.601642
  631.0000   0.603797
  632.0000   0.632935
  633.0000   0.628951
  634.0000   0.619417
  635.0000   0.627118
  636.0000   0.625119
  637.0000   0.624925
  638.0000   0.618731
  639.0000   0.611997
  640.0000   0.626187
  641.0000   0.613977
  642.0000   0.608362
  643.0000   0.622242
  644.0000   0.631101
  645.0000   0.630901
  646.0000   0.615060
  647.0000   0.611337
  648.0000   0.610562
  649.0000   0.615182
  650.0000   0.630549
  651.0000   0.616915
  652.0000   0.607938
  653.0000   0.606519
  654.0000   0.622901
  655.0000   0.602216
  656.0000   0.603176
  657.0000   0.636392
  658.0000   0.600663
  659.0000   0.612238
  660.0000   0.614031
  661.0000   0.624049
  662.0000   0.617189
  663.0000   0.610499
  664.0000   0.619361
  665.0000   0.616515
  666.0000   0.623275
  667.0000   0.623850
  668.0000   0.613623
  669.0000   0.601760
  670.0000   0.596228
  671.0000   0.597985
  672.0000   0.610066
  673.0000   0.602007
  674.0000   0.617081
  675.0000   0.624376
  676.0000   0.614577
  677.0000   0.629722
  678.0000   0.612783
  679.0000   0.617296
  680.0000   0.598811
  681.0000   0.609918
  682.0000   0.587308
  683.0000   0.611148
  684.0000   0.618523
  685.0000   0.611905
  686.0000   0.621210
  687.0000   0.633641
  688.0000   0.616342
  689.0000   0.603735
  690.0000   0.622208
  691.0000   0.604092
  692.0000   0.621210
  693.0000   0.628797
  694.0000   0.615452
  695.0000   0.625955
  696.0000   0.629626
  697.0000   0.609299
  698.0000   0.590206
  699.0000   0.599281
  700.0000   0.607564
  701.0000   0.600551
  702.0000   0.619739
  703.0000   0.604893
  704.0000   0.621825
  705.0000   0.598329
  706.0000   0.620929
  707.0000   0.592648
  708.0000   0.621150
  709.0000   0.626625
  710.0000   0.632195
  711.0000   0.607563
  712.0000   0.623881
  713.0000   0.601144
  714.0000   0.619867
  715.0000   0.618641
  716.0000   0.614545
  717.0000   0.616699
  718.0000   0.596546
  719.0000   0.614688
  720.0000   0.613814
  721.0000   0.602164
  722.0000   0.599158
  723.0000   0.616618
  724.0000   0.599008
  725.0000   0.619741
  726.0000   0.587727
  727.0000   0.617523
  728.0000   0.607563
  729.0000   0.618023
  730.0000   0.595716
  731.0000   0.585811
  732.0000   0.617594
  733.0000   0.618329
  734.0000   0.601243
  735.0000   0.624642
  736.0000   0.621086
  737.0000   0.600011
  738.0000   0.592759
  739.0000   0.592962
  740.0000   0.607373
  741.0000   0.587643
  742.0000   0.585794
  743.0000   0.613675
  744.0000   0.610715
  745.0000   0.615660
  746.0000   0.613912
  747.0000   0.606798
  748.0000   0.600307
  749.0000   0.589206
  750.0000   0.607644
  751.0000   0.603931
  752.0000   0.591422
  753.0000   0.590522
  754.0000   0.601409
  755.0000   0.588105
  756.0000   0.591609
  757.0000   0.602806
  758.0000   0.578237
  759.0000   0.592080
  760.0000   0.587755
  761.0000   0.601379
  762.0000   0.609370
  763.0000   0.596494
  764.0000   0.594712
  765.0000   0.614420
  766.0000   0.613772
  767.0000   0.603492
  768.0000   0.601863
  769.0000   0.581515
  770.0000   0.576448
  771.0000   0.569213
  772.0000   0.612897
  773.0000   0.582692
  774.0000   0.596776
  775.0000   0.605663
  776.0000   0.598167
  777.0000   0.616524
  778.0000   0.596270
  779.0000   0.613453
  780.0000   0.575096
  781.0000   0.596217
  782.0000   0.575034
  783.0000   0.582976
  784.0000   0.592581
  785.0000   0.602295
  786.0000   0.603757
  787.0000   0.626975
  788.0000   0.601328
  789.0000   0.581296
  790.0000   0.598298
  791.0000   0.579040
  792.0000   0.593373
  793.0000   0.620573
  794.0000   0.606512
  795.0000   0.602089
  796.0000   0.615248
  797.0000   0.599829
  798.0000   0.569219
  799.0000   0.569703
  800.0000   0.601125
  801.0000   0.585265
  802.0000   0.597476
  803.0000   0.589070
  804.0000   0.612772
  805.0000   0.570224
  806.0000   0.604194
  807.0000   0.588608
  808.0000   0.603740
  809.0000   0.608152
  810.0000   0.609203
  811.0000   0.584292
  812.0000   0.599601
  813.0000   0.576461
  814.0000   0.610562
  815.0000   0.612336
  816.0000   0.601726
  817.0000   0.597743
  818.0000   0.575683
  819.0000   0.600582
  820.0000   0.600493
  821.0000   0.576539
  822.0000   0.576666
  823.0000   0.592380
  824.0000   0.573806
  825.0000   0.592942
  826.0000   0.577029
  827.0000   0.597340
  828.0000   0.590247
  829.0000   0.599179
  830.0000   0.561598
  831.0000   0.577700
  832.0000   0.608346
  833.0000   0.596798
  834.0000   0.582420
  835.0000   0.600005
  836.0000   0.592222
  837.0000   0.583156
  838.0000   0.561778
  839.0000   0.557047
  840.0000   0.582822
  841.0000   0.574505
  842.0000   0.557250
  843.0000   0.582336
  844.0000   0.597413
  845.0000   0.585760
  846.0000   0.598495
  847.0000   0.588784
  848.0000   0.581161
  849.0000   0.567002
  850.0000   0.581995
  851.0000   0.572957
  852.0000   0.566858
  853.0000   0.566172
  854.0000   0.573003
  855.0000   0.577259
  856.0000   0.574714
  857.0000   0.573131
  858.0000   0.548579
  859.0000   0.577002
  860.0000   0.565696
  861.0000   0.574020
  862.0000   0.589572
  863.0000   0.577405
  864.0000   0.576315
  865.0000   0.579314
  866.0000   0.584257
  867.0000   0.577556
  868.0000   0.598168
  869.0000   0.562301
  870.0000   0.535709
  871.0000   0.543455
  872.0000   0.590756
  873.0000   0.562377
  874.0000   0.570309
  875.0000   0.578779
  876.0000   0.573772
  877.0000   0.602356
  878.0000   0.592218
  879.0000   0.601577
  880.0000   0.556932
  881.0000   0.573905
  882.0000   0.553895
  883.0000   0.562189
  884.0000   0.579518
  885.0000   0.574547
  886.0000   0.578484
  887.0000   0.604896
  888.0000   0.574886
  889.0000   0.558414
  890.0000   0.559596
  891.0000   0.563306
  892.0000   0.574537
  893.0000   0.598408
  894.0000   0.580844
  895.0000   0.571893
  896.0000   0.602433
  897.0000   0.577929
  898.0000   0.551105
  899.0000   0.550287
  900.0000   0.561975
  901.0000   0.565633
  902.0000   0.574512
  903.0000   0.563272
  904.0000   0.591003
  905.0000   0.551136
  906.0000   0.586683
  907.0000   0.565102
  908.0000   0.585681
  909.0000   0.583175
  910.0000   0.595195
  911.0000   0.568663
  912.0000   0.584261
  913.0000   0.556991
  914.0000   0.590292
  915.0000   0.582227
  916.0000   0.578686
  917.0000   0.581370
  918.0000   0.554325
  919.0000   0.580337
  920.0000   0.579107
  921.0000   0.558303
  922.0000   0.558252
  923.0000   0.573731
  924.0000   0.545589
  925.0000   0.564064
  926.0000   0.536758
  927.0000   0.567956
  928.0000   0.559017
  929.0000   0.564936
  930.0000   0.533295
  931.0000   0.555284
  932.0000   0.583111
  933.0000   0.576360
  934.0000   0.534811
  935.0000   0.585935
  936.0000   0.563857
  937.0000   0.561533
  938.0000   0.545031
  939.0000   0.534285
  940.0000   0.546372
  941.0000   0.548991
  942.0000   0.533438
  943.0000   0.565896
  944.0000   0.571945
  945.0000   0.556106
  946.0000   0.571832
  947.0000   0.562266
  948.0000   0.571172
  949.0000   0.542325
  950.0000   0.551463
  951.0000   0.551230
  952.0000   0.536026
  953.0000   0.543374
  954.0000   0.554710
  955.0000   0.553118
  956.0000   0.546960
  957.0000   0.547826
  958.0000   0.511134
  959.0000   0.544367
  960.0000   0.538872
  961.0000   0.540550
  962.0000   0.545948
  963.0000   0.542806
  964.0000   0.549663
  965.0000   0.547603
  966.0000   0.559162
  967.0000   0.563998
  968.0000   0.579365
  969.0000   0.526824
  970.0000   0.508895
  971.0000   0.493122
  972.0000   0.552365
  973.0000   0.542787
  974.0000   0.540902
  975.0000   0.555916
  976.0000   0.556970
  977.0000   0.574445
  978.0000   0.577864
  979.0000   0.574837
  980.0000   0.534402
  981.0000   0.540417
  982.0000   0.529360
  983.0000   0.516470
  984.0000   0.553403
  985.0000   0.544265
  986.0000   0.560652
  987.0000   0.579107
  988.0000   0.539951
  989.0000   0.526354
  990.0000   0.529330
  991.0000   0.514264
  992.0000   0.540930
  993.0000   0.579600
  994.0000   0.559225
  995.0000   0.540678
  996.0000   0.568553
  997.0000   0.539368
  998.0000   0.522465
  999.0000   0.506274
